<?xml version="1.0" encoding="UTF-8"?>
<!-- Generated by org.testng.reporters.JUnitReportReporter -->
<testsuite hostname="DESKTOP-L6I33ED" failures="0" tests="4" name="test.ReferenceServiceImplTest" time="0.773" errors="0" timestamp="2023-07-02T22:38:56 IST" skipped="0">
  <testcase classname="test.ReferenceServiceImplTest" name="testAddReferenceDocument" time="0.762"/>
  <testcase classname="test.ReferenceServiceImplTest" name="testGetAllDocuments" time="0.003"/>
  <testcase classname="test.ReferenceServiceImplTest" name="testDeleteReferenceDocument" time="0.006"/>
  <testcase classname="test.ReferenceServiceImplTest" name="testGetReferenceDocumentById" time="0.002"/>
</testsuite> <!-- test.ReferenceServiceImplTest -->
