<?xml version="1.0" encoding="UTF-8"?>
<!-- Generated by org.testng.reporters.JUnitReportReporter -->
<testsuite hostname="PENNANT-VSP185" failures="0" tests="2" name="test.TestEmploymentInductionDocumentService" time="0.004" errors="0" timestamp="2023-07-13T18:47:24 IST" skipped="0">
  <testcase classname="test.TestEmploymentInductionDocumentService" name="testAddCandidateInductionDocument" time="0.002"/>
  <testcase classname="test.TestEmploymentInductionDocumentService" name="testGetAllDocuments" time="0.002"/>
</testsuite> <!-- test.TestEmploymentInductionDocumentService -->
