<?xml version="1.0" encoding="UTF-8"?>
<!-- Generated by org.testng.reporters.JUnitReportReporter -->
<testsuite hostname="PENNANT-VSP185" failures="0" tests="9" name="test.HolidayDAOImplTest" time="0.198" errors="0" timestamp="2023-07-13T18:47:24 IST" skipped="0">
  <testcase classname="test.HolidayDAOImplTest" name="testGetAllJobGradesInfo" time="0.003"/>
  <testcase classname="test.HolidayDAOImplTest" name="testFindAllOptedHolidays" time="0.002"/>
  <testcase classname="test.HolidayDAOImplTest" name="testCountMandHolidays" time="0.176"/>
  <testcase classname="test.HolidayDAOImplTest" name="testSaveJobGradeHoliday" time="0.002"/>
  <testcase classname="test.HolidayDAOImplTest" name="testUpdateJobGradeHoliday" time="0.002"/>
  <testcase classname="test.HolidayDAOImplTest" name="testFindAllGradeHolidays" time="0.002"/>
  <testcase classname="test.HolidayDAOImplTest" name="testFindAllHolidays" time="0.006"/>
  <testcase classname="test.HolidayDAOImplTest" name="testSaveJobGrade" time="0.002"/>
  <testcase classname="test.HolidayDAOImplTest" name="testFindHolidayById" time="0.003"/>
</testsuite> <!-- test.HolidayDAOImplTest -->
