<?xml version="1.0" encoding="UTF-8"?>
<!-- Generated by org.testng.reporters.JUnitReportReporter -->
<testsuite hostname="PENNANT-VSP185" failures="0" tests="5" name="test.TestReferenceDocumentDAOImpl" time="1.362" errors="0" timestamp="2023-07-13T18:47:24 IST" skipped="0">
  <testcase classname="test.TestReferenceDocumentDAOImpl" name="testSave" time="0.005"/>
  <testcase classname="test.TestReferenceDocumentDAOImpl" name="testGetIndex" time="0.005"/>
  <testcase classname="test.TestReferenceDocumentDAOImpl" name="testFindById" time="1.302"/>
  <testcase classname="test.TestReferenceDocumentDAOImpl" name="testDeleteById" time="0.043"/>
  <testcase classname="test.TestReferenceDocumentDAOImpl" name="testGetDOCIndex" time="0.007"/>
</testsuite> <!-- test.TestReferenceDocumentDAOImpl -->
