<?xml version="1.0" encoding="UTF-8"?>
<!-- Generated by org.testng.reporters.JUnitReportReporter -->
<testsuite hostname="PENNANT-VSP185" failures="0" tests="3" name="test.CandidateDAOImplTest" time="0.006" errors="0" timestamp="2023-07-13T18:47:24 IST" skipped="0">
  <testcase classname="test.CandidateDAOImplTest" name="testSaveCandidate" time="0.002"/>
  <testcase classname="test.CandidateDAOImplTest" name="testGetCandidateById" time="0.001"/>
  <testcase classname="test.CandidateDAOImplTest" name="testGetAllCandidates" time="0.003"/>
</testsuite> <!-- test.CandidateDAOImplTest -->
