<?xml version="1.0" encoding="UTF-8"?>
<!-- Generated by org.testng.reporters.JUnitReportReporter -->
<testsuite hostname="PENNANT-VSP185" failures="0" tests="4" name="test.HolidayControllerTest" time="0.017" errors="0" timestamp="2023-07-13T18:47:24 IST" skipped="0">
  <testcase classname="test.HolidayControllerTest" name="testShowHolidays" time="0.004"/>
  <testcase classname="test.HolidayControllerTest" name="testSubmitSelectedHolidays" time="0.002"/>
  <testcase classname="test.HolidayControllerTest" name="testDisplayEmployeeInformation_ThrowsEmployeeNotFoundException" time="0.003"/>
  <testcase classname="test.HolidayControllerTest" name="testDisplayEmployeeInformation" time="0.008"/>
</testsuite> <!-- test.HolidayControllerTest -->
