<?xml version="1.0" encoding="UTF-8"?>
<!-- Generated by org.testng.reporters.JUnitReportReporter -->
<testsuite hostname="PENNANT-VSP185" failures="0" tests="5" name="test.PermissionsControllerTest" time="0.144" errors="0" timestamp="2023-07-13T18:47:24 IST" skipped="0">
  <testcase classname="test.PermissionsControllerTest" name="testGetPermissionsCount_Success" time="0.077"/>
  <testcase classname="test.PermissionsControllerTest" name="testRejectPermission_Success" time="0.004"/>
  <testcase classname="test.PermissionsControllerTest" name="testGetPermissionsStatusAtEmp_Success" time="0.006"/>
  <testcase classname="test.PermissionsControllerTest" name="testAcceptPermission_Success" time="0.020"/>
  <testcase classname="test.PermissionsControllerTest" name="testAdminViewPermissionRequests" time="0.037"/>
</testsuite> <!-- test.PermissionsControllerTest -->
