<?xml version="1.0" encoding="UTF-8"?>
<!-- Generated by org.testng.reporters.JUnitReportReporter -->
<testsuite hostname="DESKTOP-L6I33ED" failures="0" tests="3" name="test.EmploymentInductionDocumentServiceTest" time="0.701" errors="0" timestamp="2023-07-02T22:36:32 IST" skipped="0">
  <testcase classname="test.EmploymentInductionDocumentServiceTest" name="testGetAllDocuments" time="0.005"/>
  <testcase classname="test.EmploymentInductionDocumentServiceTest" name="testGetEmploymentInductionDocumentFile" time="0.008"/>
  <testcase classname="test.EmploymentInductionDocumentServiceTest" name="testAddEmploymentInductionDocument" time="0.688"/>
</testsuite> <!-- test.EmploymentInductionDocumentServiceTest -->
