<?xml version="1.0" encoding="UTF-8"?>
<!-- Generated by org.testng.reporters.JUnitReportReporter -->
<testsuite hostname="PENNANT-VSP185" failures="0" tests="10" name="test.ApplyPermissionDAOImplTest" time="0.300" errors="0" timestamp="2023-07-13T18:47:24 IST" skipped="0">
  <testcase classname="test.ApplyPermissionDAOImplTest" name="testGetEmployeeAndPermissionRequestData" time="0.109"/>
  <testcase classname="test.ApplyPermissionDAOImplTest" name="testAppliedPermissions" time="0.053"/>
  <testcase classname="test.ApplyPermissionDAOImplTest" name="testGetPermissionByIdAndIndex" time="0.004"/>
  <testcase classname="test.ApplyPermissionDAOImplTest" name="testGetPermissionByIdAndIndex_NoResult" time="0.003"/>
  <testcase classname="test.ApplyPermissionDAOImplTest" name="testGetEmployeeApprovedPermissionsCount" time="0.003"/>
  <testcase classname="test.ApplyPermissionDAOImplTest" name="testGetEmployeeAndPermissionRequestData_NoResult" time="0.007"/>
  <testcase classname="test.ApplyPermissionDAOImplTest" name="testGetEmployeesByHRAndManager" time="0.102"/>
  <testcase classname="test.ApplyPermissionDAOImplTest" name="testGetEmployeeAndPermissionRequestDataCountPerMonth" time="0.003"/>
  <testcase classname="test.ApplyPermissionDAOImplTest" name="testGetNextPermissionIndex" time="0.002"/>
  <testcase classname="test.ApplyPermissionDAOImplTest" name="testPersist" time="0.014"/>
</testsuite> <!-- test.ApplyPermissionDAOImplTest -->
