<?xml version="1.0" encoding="UTF-8"?>
<!-- Generated by org.testng.reporters.JUnitReportReporter -->
<testsuite hostname="PENNANT-VSP185" failures="0" tests="3" name="test.TestEmploymentInductionService" time="0.007" errors="0" timestamp="2023-07-13T18:47:24 IST" skipped="0">
  <testcase classname="test.TestEmploymentInductionService" name="testGetStatusById" time="0.002"/>
  <testcase classname="test.TestEmploymentInductionService" name="testGetId" time="0.002"/>
  <testcase classname="test.TestEmploymentInductionService" name="testGetAllEmploymentOffers" time="0.003"/>
</testsuite> <!-- test.TestEmploymentInductionService -->
