<?xml version="1.0" encoding="UTF-8"?>
<!-- Generated by org.testng.reporters.JUnitReportReporter -->
<testsuite hostname="PENNANT-VSP185" failures="0" tests="3" name="test.OfferLetterControllerTest" time="0.067" errors="0" timestamp="2023-07-13T18:47:24 IST" skipped="0">
  <testcase classname="test.OfferLetterControllerTest" name="testGetIssuingCandidates" time="0.005"/>
  <testcase classname="test.OfferLetterControllerTest" name="testSendOfferMail" time="0.003"/>
  <testcase classname="test.OfferLetterControllerTest" name="testGetOfferLetterProvidedCandidates" time="0.059"/>
</testsuite> <!-- test.OfferLetterControllerTest -->
