<?xml version="1.0" encoding="UTF-8"?>
<!-- Generated by org.testng.reporters.JUnitReportReporter -->
<testsuite hostname="DESKTOP-L6I33ED" failures="0" tests="2" name="test.EmploymentInductionServiceTest" time="0.666" errors="0" timestamp="2023-07-02T22:34:10 IST" skipped="0">
  <testcase classname="test.EmploymentInductionServiceTest" name="testGetId" time="0.024"/>
  <testcase classname="test.EmploymentInductionServiceTest" name="testGetNextId" time="0.642"/>
</testsuite> <!-- test.EmploymentInductionServiceTest -->
